<?xml version="1.0" encoding="UTF-8"?>
<!-- Generated by org.testng.reporters.JUnitXMLReporter -->
<testsuite ignored="20" hostname="SurLenovo" failures="2" tests="105" name="Test" time="245.638" errors="0" timestamp="2022-09-27T11:13:33 PDT">
  <testcase classname="ds.algo.testcases.TestHome" name="TestClickDropDownArry" time="0.396"/>
  <testcase classname="ds.algo.testcases.TestHome" name="TestDataStructureGetStarted" time="0.307"/>
  <testcase classname="ds.algo.testcases.TestHome" name="TestDropDown" time="0.056"/>
  <testcase classname="ds.algo.testcases.TestHome" name="TesthomeTitle" time="2.029"/>
  <testcase classname="ds.algo.testcases.TestRegister" name="TestAllFieldsEmpty" time="0.113"/>
  <testcase classname="ds.algo.testcases.TestRegister" name="TestOnlyNumberPaswrd" time="0.424"/>
  <testcase classname="ds.algo.testcases.TestRegister" name="TestOnlyNumberPaswrd" time="0.435"/>
  <testcase classname="ds.algo.testcases.TestRegister" name="TestOnlyNumberPaswrd" time="0.715"/>
  <testcase classname="ds.algo.testcases.TestRegister" name="TestOnlyNumberPaswrd" time="0.452"/>
  <testcase classname="ds.algo.testcases.TestRegister" name="TestPassword" time="0.228"/>
  <testcase classname="ds.algo.testcases.TestRegister" name="TestUserNameInField" time="0.162"/>
  <testcase classname="ds.algo.testcases.TestRegister" name="TestwrongPasswordConfirm" time="0.424"/>
  <testcase classname="ds.algo.testcases.TestRegister" name="TestwrongPasswordConfirm" time="0.631"/>
  <testcase classname="ds.algo.testcases.TestRegister" name="TestwrongPasswordConfirm" time="0.409"/>
  <testcase classname="ds.algo.testcases.TestRegister" name="TestwrongPasswordConfirm" time="0.57"/>
  <testcase classname="ds.algo.testcases.TestRegister" name="TestwrongPasswordConfirm" time="0.783"/>
  <testcase classname="ds.algo.testcases.TestRegister" name="TestwrongPasswordConfirm" time="0.424"/>
  <testcase classname="ds.algo.testcases.TestRegister" name="TestLessDigitPassword" time="0.43"/>
  <testcase classname="ds.algo.testcases.TestRegister" name="TestAllInputCorrect" time="3.248"/>
  <testcase classname="ds.algo.testcases.TestSignIN" name="AllfieldEmpty" time="0.106"/>
  <testcase classname="ds.algo.testcases.TestSignIN" name="EmptyUserPwd" time="0.086"/>
  <testcase classname="ds.algo.testcases.TestSignIN" name="InvalidUserName" time="0.522"/>
  <testcase classname="ds.algo.testcases.TestSignIN" name="InvalidUserName" time="0.764"/>
  <testcase classname="ds.algo.testcases.TestSignIN" name="InvalidUserName" time="0.547"/>
  <testcase classname="ds.algo.testcases.TestSignIN" name="InvalidUserName" time="0.48"/>
  <testcase classname="ds.algo.testcases.TestSignIN" name="InvalidUserName" time="0.5"/>
  <testcase classname="ds.algo.testcases.TestSignIN" name="InvalidUserPwd" time="0.529"/>
  <testcase classname="ds.algo.testcases.TestSignIN" name="PasswrdEmpty" time="0.152"/>
  <testcase classname="ds.algo.testcases.TestSignIN" name="SucessLogin" time="1.702"/>
  <testcase classname="ds.algo.testcases.TestQueue" name="TestImplementationofQueueinPython" time="1.484"/>
  <testcase classname="ds.algo.testcases.TestQueue" name="TestImplementationofQueueinPythonTryHere" time="6.869"/>
  <testcase classname="ds.algo.testcases.TestQueue" name="TestImplementationusingarray" time="0.628"/>
  <testcase classname="ds.algo.testcases.TestQueue" name="TestImplementationusingarrayTryHere" time="1.139"/>
  <testcase classname="ds.algo.testcases.TestQueue" name="TestImplementationusingcollectionsdeque" time="0.542"/>
  <testcase classname="ds.algo.testcases.TestQueue" name="TestImplementationusingcollectionsdequeFailed" time="0.573">
    <failure type="java.lang.AssertionError" message="expected [Implementation using collections.deque  Art] but found [Implementation using collections.deque]">
      <![CDATA[java.lang.AssertionError: expected [Implementation using collections.deque  Art] but found [Implementation using collections.deque]
at ds.algo.testcases.TestQueue.TestImplementationusingcollectionsdequeFailed(TestQueue.java:123)
at java.base/java.util.ArrayList.forEach(ArrayList.java:1511)
... Removed 31 stack frames]]>
    </failure>
  </testcase> <!-- TestImplementationusingcollectionsdequeFailed -->
  <testcase classname="ds.algo.testcases.TestQueue" name="TestImplementationusingcollectionsdequeTryHere" time="1.003"/>
  <testcase classname="ds.algo.testcases.TestQueue" name="TestPracticeQuestions" time="0.961"/>
  <testcase classname="ds.algo.testcases.TestQueue" name="TestQueueOperations" time="0.65"/>
  <testcase classname="ds.algo.testcases.TestQueue" name="TestQueueOperationsFailed" time="0.539">
    <failure type="java.lang.AssertionError" message="expected [Queue Operations sucess] but found [Queue Operations]">
      <![CDATA[java.lang.AssertionError: expected [Queue Operations sucess] but found [Queue Operations]
at ds.algo.testcases.TestQueue.TestQueueOperationsFailed(TestQueue.java:182)
at java.base/java.util.ArrayList.forEach(ArrayList.java:1511)
... Removed 31 stack frames]]>
    </failure>
  </testcase> <!-- TestQueueOperationsFailed -->
  <testcase classname="ds.algo.testcases.TestQueue" name="TestQueueOperationsTryHere" time="1.287"/>
  <testcase classname="ds.algo.testcases.TestQueue" name="TestStarted" time="0.342"/>
  <testcase classname="ds.algo.testcases.TestDsAlgoPortal" name="TestGetStarted" time="0.534"/>
  <testcase classname="ds.algo.testcases.TestDsAlgoPortal" name="TestOpenPortal" time="0.612"/>
  <testcase classname="ds.algo.testcases.TestTree" name="TestApplicationsofBinarytrees" time="2.228"/>
  <testcase classname="ds.algo.testcases.TestTree" name="TestApplicationsofBinarytreesTryHere" time="3.571"/>
  <testcase classname="ds.algo.testcases.TestTree" name="TestBinarySearchTrees" time="1.882"/>
  <testcase classname="ds.algo.testcases.TestTree" name="TestBinarySearchTreesTryHere" time="3.278"/>
  <testcase classname="ds.algo.testcases.TestTree" name="TestBinaryTreeTraversals" time="3.563"/>
  <testcase classname="ds.algo.testcases.TestTree" name="TestBinaryTreeTraversalsTryHere" time="4.267"/>
  <testcase classname="ds.algo.testcases.TestTree" name="TestBinaryTrees" time="1.372"/>
  <testcase classname="ds.algo.testcases.TestTree" name="TestBinaryTreesTryHere" time="3.105"/>
  <testcase classname="ds.algo.testcases.TestTree" name="TestClickGetTryHere" time="2.553"/>
  <testcase classname="ds.algo.testcases.TestTree" name="TestGetTabRun" time="2.948"/>
  <testcase classname="ds.algo.testcases.TestTree" name="TestImplementationOfBST" time="2.048"/>
  <testcase classname="ds.algo.testcases.TestTree" name="TestImplementationOfBSTTryHere" time="3.579"/>
  <testcase classname="ds.algo.testcases.TestTree" name="TestImplementationinPython" time="1.065"/>
  <testcase classname="ds.algo.testcases.TestTree" name="TestImplementationinPythonTryHere" time="3.46"/>
  <testcase classname="ds.algo.testcases.TestTree" name="TestImplementationofBinaryTrees" time="1.452"/>
  <testcase classname="ds.algo.testcases.TestTree" name="TestImplementationofBinaryTreesTryHere" time="2.918"/>
  <testcase classname="ds.algo.testcases.TestTree" name="TestOverview" time="0.566"/>
  <testcase classname="ds.algo.testcases.TestTree" name="TestPracticeQuestions" time="0.677"/>
  <testcase classname="ds.algo.testcases.TestTree" name="TestTerminologies" time="0.785"/>
  <testcase classname="ds.algo.testcases.TestTree" name="TestTerminologiesTryHere" time="2.529"/>
  <testcase classname="ds.algo.testcases.TestTree" name="TestTraversal" time="0.905"/>
  <testcase classname="ds.algo.testcases.TestTree" name="TestTraversalTryHere" time="3.315"/>
  <testcase classname="ds.algo.testcases.TestTree" name="TestTraversalsIllustration" time="2.98"/>
  <testcase classname="ds.algo.testcases.TestTree" name="TestTraversalsIllustrationTryHere" time="3.712"/>
  <testcase classname="ds.algo.testcases.TestTree" name="TestTreeStarted" time="0.539"/>
  <testcase classname="ds.algo.testcases.TestTree" name="TestTypesOfBinaryTrees" time="1.958"/>
  <testcase classname="ds.algo.testcases.TestTree" name="TestTypesOfBinaryTreesTryHere" time="3.088"/>
  <testcase classname="ds.algo.testcases.TestTree" name="TestTypesOfTree" time="0.874"/>
  <testcase classname="ds.algo.testcases.TestTree" name="TestTypesOfTreeTryHere" time="2.667"/>
  <testcase classname="ds.algo.testcases.TestLinkedList" name="CreateList" time="1.719"/>
  <testcase classname="ds.algo.testcases.TestLinkedList" name="ImplementLinkedList" time="1.309"/>
  <testcase classname="ds.algo.testcases.TestLinkedList" name="ListDeletion" time="1.826"/>
  <testcase classname="ds.algo.testcases.TestLinkedList" name="ListInsertion" time="2.177"/>
  <testcase classname="ds.algo.testcases.TestLinkedList" name="ListTraversal" time="1.809"/>
  <testcase classname="ds.algo.testcases.TestLinkedList" name="TestStarted" time="0.968"/>
  <testcase classname="ds.algo.testcases.TestLinkedList" name="TypeOfList" time="1.903"/>
  <testcase classname="ds.algo.testcases.TestGraph" name="ClickGraphTryHere" time="2.303"/>
  <testcase classname="ds.algo.testcases.TestGraph" name="ClickGrpStdButton" time="0.259"/>
  <testcase classname="ds.algo.testcases.TestGraph" name="GraRep" time="5.611"/>
  <testcase classname="ds.algo.testcases.TestGraph" name="GraRun" time="3.462"/>
  <testcase classname="ds.algo.testcases.TestDataStructure" name="TryHereAssessment" time="1.364"/>
  <testcase classname="ds.algo.testcases.TestDataStructure" name="datastructGetStarted" time="0.268"/>
  <testcase classname="ds.algo.testcases.TestDataStructure" name="lnkpracticequestion" time="0.757"/>
  <testcase classname="ds.algo.testcases.TestDataStructure" name="lnktimecomplex" time="0.498"/>
  <testcase classname="ds.algo.testcases.TestArray" name="ArrayTryHere" time="1.522"/>
  <testcase classname="ds.algo.testcases.TestArray" name="ArraysinPython" time="0.674"/>
  <testcase classname="ds.algo.testcases.TestArray" name="ClickApplicationArray" time="3.516"/>
  <testcase classname="ds.algo.testcases.TestArray" name="ClickBasOperList" time="4.911"/>
  <testcase classname="ds.algo.testcases.TestArray" name="ClickRun1" time="1.152"/>
  <testcase classname="ds.algo.testcases.TestArray" name="ClickRun2" time="3.479"/>
  <testcase classname="ds.algo.testcases.TestArray" name="GetStarted" time="0.279"/>
  <testcase classname="ds.algo.testcases.TestStack" name="TestAppilcationsRun" time="2.397"/>
  <testcase classname="ds.algo.testcases.TestStack" name="TestApplictions" time="0.66"/>
  <testcase classname="ds.algo.testcases.TestStack" name="TestApplictionsTryHere" time="1.04"/>
  <testcase classname="ds.algo.testcases.TestStack" name="TestGetStartedStack" time="0.391"/>
  <testcase classname="ds.algo.testcases.TestStack" name="TestImplementation" time="0.68"/>
  <testcase classname="ds.algo.testcases.TestStack" name="TestImplementationTextBox" time="3.416"/>
  <testcase classname="ds.algo.testcases.TestStack" name="TestImplementationTryHere" time="1.006"/>
  <testcase classname="ds.algo.testcases.TestStack" name="TestOperationsinStack" time="0.905"/>
  <testcase classname="ds.algo.testcases.TestStack" name="TestOperationsinStackTryHere" time="1.028"/>
  <testcase classname="ds.algo.testcases.TestStack" name="TestWriteInTextBox" time="3.26"/>
  <testcase classname="ds.algo.testcases.TestStack" name="TestclickRun" time="2.333"/>
  <testcase classname="utility.TestBase" name="@AfterSuite closeBrowser" time="0.0">
    <ignored/>
  </testcase> <!-- @AfterSuite closeBrowser -->
  <testcase classname="utility.TestBase" name="@AfterSuite closeBrowser" time="0.0">
    <ignored/>
  </testcase> <!-- @AfterSuite closeBrowser -->
  <testcase classname="utility.TestBase" name="@AfterSuite closeBrowser" time="0.0">
    <ignored/>
  </testcase> <!-- @AfterSuite closeBrowser -->
  <testcase classname="utility.TestBase" name="@AfterSuite closeBrowser" time="0.0">
    <ignored/>
  </testcase> <!-- @AfterSuite closeBrowser -->
  <testcase classname="utility.TestBase" name="@AfterSuite closeBrowser" time="0.0">
    <ignored/>
  </testcase> <!-- @AfterSuite closeBrowser -->
  <testcase classname="utility.TestBase" name="@AfterSuite closeBrowser" time="0.0">
    <ignored/>
  </testcase> <!-- @AfterSuite closeBrowser -->
  <testcase classname="utility.TestBase" name="@AfterSuite closeBrowser" time="0.0">
    <ignored/>
  </testcase> <!-- @AfterSuite closeBrowser -->
  <testcase classname="utility.TestBase" name="@AfterSuite closeBrowser" time="0.0">
    <ignored/>
  </testcase> <!-- @AfterSuite closeBrowser -->
  <testcase classname="utility.TestBase" name="@AfterSuite closeBrowser" time="0.0">
    <ignored/>
  </testcase> <!-- @AfterSuite closeBrowser -->
  <testcase classname="utility.TestBase" name="@AfterSuite closeBrowser" time="0.0">
    <ignored/>
  </testcase> <!-- @AfterSuite closeBrowser -->
  <testcase classname="utility.TestBase" name="@BeforeSuite initDriver" time="0.0">
    <ignored/>
  </testcase> <!-- @BeforeSuite initDriver -->
  <testcase classname="utility.TestBase" name="@BeforeSuite initDriver" time="0.0">
    <ignored/>
  </testcase> <!-- @BeforeSuite initDriver -->
  <testcase classname="utility.TestBase" name="@BeforeSuite initDriver" time="0.0">
    <ignored/>
  </testcase> <!-- @BeforeSuite initDriver -->
  <testcase classname="utility.TestBase" name="@BeforeSuite initDriver" time="0.0">
    <ignored/>
  </testcase> <!-- @BeforeSuite initDriver -->
  <testcase classname="utility.TestBase" name="@BeforeSuite initDriver" time="0.0">
    <ignored/>
  </testcase> <!-- @BeforeSuite initDriver -->
  <testcase classname="utility.TestBase" name="@BeforeSuite initDriver" time="0.0">
    <ignored/>
  </testcase> <!-- @BeforeSuite initDriver -->
  <testcase classname="utility.TestBase" name="@BeforeSuite initDriver" time="0.0">
    <ignored/>
  </testcase> <!-- @BeforeSuite initDriver -->
  <testcase classname="utility.TestBase" name="@BeforeSuite initDriver" time="0.0">
    <ignored/>
  </testcase> <!-- @BeforeSuite initDriver -->
  <testcase classname="utility.TestBase" name="@BeforeSuite initDriver" time="0.0">
    <ignored/>
  </testcase> <!-- @BeforeSuite initDriver -->
  <testcase classname="utility.TestBase" name="@BeforeSuite initDriver" time="0.0">
    <ignored/>
  </testcase> <!-- @BeforeSuite initDriver -->
</testsuite> <!-- Test -->
